<?xml version="1.0" encoding="UTF-8"?>
<!-- Generated by org.testng.reporters.JUnitReportReporter -->
<testsuite skipped="0" hostname="Sumeyras-MBP.home" name="com.hubspot.tests.LoginTest" tests="1" failures="0" timestamp="03 Dec 2019 04:38:32 GMT" time="11.624" errors="0">
  <testcase name="Invalidpassword" time="11.624" classname="com.hubspot.tests.LoginTest"/>
</testsuite> <!-- com.hubspot.tests.LoginTest -->
