<?xml version="1.0" encoding="UTF-8"?>
<!-- Generated by org.testng.reporters.JUnitReportReporter -->
<testsuite skipped="0" hostname="Sumeyras-MBP.home" name="com.hubspot.tests.HomePageTest" tests="1" failures="0" timestamp="03 Dec 2019 01:01:36 GMT" time="12.063" errors="0">
  <testcase name="HomeTitle" time="12.063" classname="com.hubspot.tests.HomePageTest"/>
</testsuite> <!-- com.hubspot.tests.HomePageTest -->
