<?xml version="1.0" encoding="UTF-8"?>
<!-- Generated by org.testng.reporters.JUnitReportReporter -->
<testsuite skipped="0" hostname="Sumeyras-MBP.home" name="com.hubspot.tests.ContactsPageTest" tests="1" failures="0" timestamp="02 Dec 2019 22:44:58 GMT" time="30.774" errors="0">
  <testcase name="createNewContactTest" time="30.774" classname="com.hubspot.tests.ContactsPageTest"/>
</testsuite> <!-- com.hubspot.tests.ContactsPageTest -->
